Reading netlist file: "C:\tm1638-verilog-master\test1\bekap\tm1638-rab-perevod\impl\gwsynthesis\tm1638-verilog.vg"
Parsing netlist file "C:\tm1638-verilog-master\test1\bekap\tm1638-rab-perevod\impl\gwsynthesis\tm1638-verilog.vg" completed
Processing netlist completed
Reading constraint file: "C:\tm1638-verilog-master\test1\bekap\tm1638-rab-perevod\src\tm1638-verilog.cst"
Physical Constraint parsed completed
Running placement......
[10%] Placement Phase 0 completed
[20%] Placement Phase 1 completed
[30%] Placement Phase 2 completed
[50%] Placement Phase 3 completed
Running routing......
[60%] Routing Phase 0 completed
[70%] Routing Phase 1 completed
[80%] Routing Phase 2 completed
WARN  (PR1014) : Generic routing resource will be used to clock signal 'clk_d' by the specified constraint. And then it may lead to the excessive delay or skew
[90%] Routing Phase 3 completed
Running timing analysis......
[95%] Timing analysis completed
Placement and routing completed
Bitstream generation in progress......
Bitstream generation completed
Running power analysis......
[100%] Power analysis completed
Generate file "C:\tm1638-verilog-master\test1\bekap\tm1638-rab-perevod\impl\pnr\tm1638-verilog.power.html" completed
Generate file "C:\tm1638-verilog-master\test1\bekap\tm1638-rab-perevod\impl\pnr\tm1638-verilog.pin.html" completed
Generate file "C:\tm1638-verilog-master\test1\bekap\tm1638-rab-perevod\impl\pnr\tm1638-verilog.rpt.html" completed
Generate file "C:\tm1638-verilog-master\test1\bekap\tm1638-rab-perevod\impl\pnr\tm1638-verilog.rpt.txt" completed
Generate file "C:\tm1638-verilog-master\test1\bekap\tm1638-rab-perevod\impl\pnr\tm1638-verilog.tr.html" completed
Mon Mar 24 16:09:32 2025

